<?xml version="1.0" encoding="UTF-8"?>
<!-- Generated by org.testng.reporters.JUnitReportReporter -->
<testsuite hostname="machine.local" failures="0" tests="3" name="enuygunautomation.tests.welcomeslides.WellcomeSlidesScreen" time="67.938" errors="0" timestamp="2025-09-05T22:21:00 TRT" skipped="0">
  <testcase classname="enuygunautomation.tests.welcomeslides.WellcomeSlidesScreen" name="wellcomeSlidesControll" time="19.813"/>
  <testcase classname="enuygunautomation.tests.welcomeslides.WellcomeSlidesScreen" name="allowNotificationButtonAction" time="22.234"/>
  <testcase classname="enuygunautomation.tests.welcomeslides.WellcomeSlidesScreen" name="remindMeLaterButtonAction" time="25.891"/>
</testsuite> <!-- enuygunautomation.tests.welcomeslides.WellcomeSlidesScreen -->
