<?xml version="1.0" encoding="UTF-8"?>
<!-- Generated by org.testng.reporters.JUnitReportReporter -->
<testsuite hostname="machine.local" failures="0" tests="3" name="enuygunautomation.tests.welcomeslides.WellcomeSlidesScreen" time="49.558" errors="0" timestamp="2025-09-10T11:23:43 TRT" skipped="0">
  <testcase classname="enuygunautomation.tests.welcomeslides.WellcomeSlidesScreen" name="wellcomeSlidesControll" time="13.849"/>
  <testcase classname="enuygunautomation.tests.welcomeslides.WellcomeSlidesScreen" name="allowNotificationButtonAction" time="17.281"/>
  <testcase classname="enuygunautomation.tests.welcomeslides.WellcomeSlidesScreen" name="remindMeLaterButtonAction" time="18.428"/>
</testsuite> <!-- enuygunautomation.tests.welcomeslides.WellcomeSlidesScreen -->
